2023-10-12 22:55:15,112:WARNING:C:\Users\p128c0e\OneDrive - Ceridian HCM Inc\Documents\GitHub\classification\class\lib\site-packages\pycaret\internal\pipeline.py:139: UserWarning: Version mismatch:
current: {'deps_info': {'pip': '23.2.1', 'setuptools': '68.2.0', 'pycaret': '3.1.0', 'IPython': '8.16.1', 'ipywidgets': '8.1.1', 'tqdm': '4.66.1', 'numpy': '1.23.5', 'pandas': '1.5.3', 'jinja2': '3.1.2', 'scipy': '1.10.1', 'joblib': '1.3.2', 'sklearn': '1.2.2', 'pyod': '1.1.0', 'imblearn': '0.11.0', 'category_encoders': '2.6.2', 'lightgbm': '4.1.0', 'numba': '0.58.0', 'requests': '2.31.0', 'matplotlib': '3.7.3', 'scikitplot': '0.3.7', 'yellowbrick': '1.5', 'plotly': '5.17.0', 'plotly-resampler': 'Not installed', 'kaleido': '0.2.1', 'schemdraw': '0.15', 'statsmodels': '0.14.0', 'sktime': '0.21.1', 'tbats': '1.1.3', 'pmdarima': '2.0.3', 'psutil': '5.9.5', 'markupsafe': '2.1.3', 'pickle5': 'Not installed', 'cloudpickle': '2.2.1', 'deprecation': '2.1.0', 'xxhash': '3.4.1', 'wurlitzer': 'Not installed'}, 'python': {'version': '3.10.8', 'machine': 'AMD64'}}
pickle: {'deps_info': {'pip': '23.1.2', 'setuptools': '67.7.2', 'pycaret': '3.1.0', 'IPython': '7.34.0', 'ipywidgets': '7.7.1', 'tqdm': '4.66.1', 'numpy': '1.23.5', 'pandas': '1.5.3', 'jinja2': '3.1.2', 'scipy': '1.10.1', 'joblib': '1.3.2', 'sklearn': '1.2.2', 'pyod': '1.1.0', 'imblearn': '0.10.1', 'category_encoders': '2.6.2', 'lightgbm': '4.0.0', 'numba': '0.56.4', 'requests': '2.31.0', 'matplotlib': '3.7.1', 'scikitplot': '0.3.7', 'yellowbrick': '1.5', 'plotly': '5.15.0', 'plotly-resampler': 'Not installed', 'kaleido': '0.2.1', 'schemdraw': '0.15', 'statsmodels': '0.14.0', 'sktime': '0.21.1', 'tbats': '1.1.3', 'pmdarima': '2.0.3', 'psutil': '5.9.5', 'markupsafe': '2.1.3', 'pickle5': 'Not installed', 'cloudpickle': '2.2.1', 'deprecation': '2.1.0', 'xxhash': '3.4.1', 'wurlitzer': '3.0.3'}, 'python': {'version': '3.10.12', 'machine': 'x86_64'}}
  warnings.warn(

2023-10-12 23:02:52,472:WARNING:C:\Users\p128c0e\OneDrive - Ceridian HCM Inc\Documents\GitHub\classification\class\lib\site-packages\pycaret\internal\pipeline.py:139: UserWarning: Version mismatch:
current: {'deps_info': {'pip': '23.2.1', 'setuptools': '68.2.0', 'pycaret': '3.1.0', 'IPython': '8.16.1', 'ipywidgets': '8.1.1', 'tqdm': '4.66.1', 'numpy': '1.23.5', 'pandas': '1.5.3', 'jinja2': '3.1.2', 'scipy': '1.10.1', 'joblib': '1.3.2', 'sklearn': '1.2.2', 'pyod': '1.1.0', 'imblearn': '0.11.0', 'category_encoders': '2.6.2', 'lightgbm': '4.1.0', 'numba': '0.58.0', 'requests': '2.31.0', 'matplotlib': '3.7.3', 'scikitplot': '0.3.7', 'yellowbrick': '1.5', 'plotly': '5.17.0', 'plotly-resampler': 'Not installed', 'kaleido': '0.2.1', 'schemdraw': '0.15', 'statsmodels': '0.14.0', 'sktime': '0.21.1', 'tbats': '1.1.3', 'pmdarima': '2.0.3', 'psutil': '5.9.5', 'markupsafe': '2.1.3', 'pickle5': 'Not installed', 'cloudpickle': '2.2.1', 'deprecation': '2.1.0', 'xxhash': '3.4.1', 'wurlitzer': 'Not installed'}, 'python': {'version': '3.10.8', 'machine': 'AMD64'}}
pickle: {'deps_info': {'pip': '23.1.2', 'setuptools': '67.7.2', 'pycaret': '3.1.0', 'IPython': '7.34.0', 'ipywidgets': '7.7.1', 'tqdm': '4.66.1', 'numpy': '1.23.5', 'pandas': '1.5.3', 'jinja2': '3.1.2', 'scipy': '1.10.1', 'joblib': '1.3.2', 'sklearn': '1.2.2', 'pyod': '1.1.0', 'imblearn': '0.10.1', 'category_encoders': '2.6.2', 'lightgbm': '4.0.0', 'numba': '0.56.4', 'requests': '2.31.0', 'matplotlib': '3.7.1', 'scikitplot': '0.3.7', 'yellowbrick': '1.5', 'plotly': '5.15.0', 'plotly-resampler': 'Not installed', 'kaleido': '0.2.1', 'schemdraw': '0.15', 'statsmodels': '0.14.0', 'sktime': '0.21.1', 'tbats': '1.1.3', 'pmdarima': '2.0.3', 'psutil': '5.9.5', 'markupsafe': '2.1.3', 'pickle5': 'Not installed', 'cloudpickle': '2.2.1', 'deprecation': '2.1.0', 'xxhash': '3.4.1', 'wurlitzer': '3.0.3'}, 'python': {'version': '3.10.12', 'machine': 'x86_64'}}
  warnings.warn(

2023-10-12 23:08:32,786:WARNING:C:\Users\p128c0e\OneDrive - Ceridian HCM Inc\Documents\GitHub\classification\class\lib\site-packages\sklearn\base.py:318: UserWarning: Trying to unpickle estimator DecisionTreeClassifier from version 1.0.2 when using version 1.2.2. This might lead to breaking code or invalid results. Use at your own risk. For more info please refer to:
https://scikit-learn.org/stable/model_persistence.html#security-maintainability-limitations
  warnings.warn(

2023-10-12 23:08:32,796:WARNING:C:\Users\p128c0e\OneDrive - Ceridian HCM Inc\Documents\GitHub\classification\class\lib\site-packages\sklearn\base.py:318: UserWarning: Trying to unpickle estimator RandomForestClassifier from version 1.0.2 when using version 1.2.2. This might lead to breaking code or invalid results. Use at your own risk. For more info please refer to:
https://scikit-learn.org/stable/model_persistence.html#security-maintainability-limitations
  warnings.warn(

2023-10-12 23:20:27,010:WARNING:C:\Users\p128c0e\OneDrive - Ceridian HCM Inc\Documents\GitHub\classification\class\lib\site-packages\pycaret\internal\pipeline.py:139: UserWarning: Version mismatch:
current: {'deps_info': {'pip': '23.2.1', 'setuptools': '68.2.0', 'pycaret': '3.1.0', 'IPython': '8.16.1', 'ipywidgets': '8.1.1', 'tqdm': '4.66.1', 'numpy': '1.23.5', 'pandas': '1.5.3', 'jinja2': '3.1.2', 'scipy': '1.10.1', 'joblib': '1.3.2', 'sklearn': '1.2.2', 'pyod': '1.1.0', 'imblearn': '0.11.0', 'category_encoders': '2.6.2', 'lightgbm': '4.1.0', 'numba': '0.58.0', 'requests': '2.31.0', 'matplotlib': '3.7.3', 'scikitplot': '0.3.7', 'yellowbrick': '1.5', 'plotly': '5.17.0', 'plotly-resampler': 'Not installed', 'kaleido': '0.2.1', 'schemdraw': '0.15', 'statsmodels': '0.14.0', 'sktime': '0.21.1', 'tbats': '1.1.3', 'pmdarima': '2.0.3', 'psutil': '5.9.5', 'markupsafe': '2.1.3', 'pickle5': 'Not installed', 'cloudpickle': '2.2.1', 'deprecation': '2.1.0', 'xxhash': '3.4.1', 'wurlitzer': 'Not installed'}, 'python': {'version': '3.10.8', 'machine': 'AMD64'}}
pickle: {'deps_info': {'pip': '23.1.2', 'setuptools': '67.7.2', 'pycaret': '3.1.0', 'IPython': '7.34.0', 'ipywidgets': '7.7.1', 'tqdm': '4.66.1', 'numpy': '1.23.5', 'pandas': '1.5.3', 'jinja2': '3.1.2', 'scipy': '1.10.1', 'joblib': '1.3.2', 'sklearn': '1.2.2', 'pyod': '1.1.0', 'imblearn': '0.10.1', 'category_encoders': '2.6.2', 'lightgbm': '4.0.0', 'numba': '0.56.4', 'requests': '2.31.0', 'matplotlib': '3.7.1', 'scikitplot': '0.3.7', 'yellowbrick': '1.5', 'plotly': '5.15.0', 'plotly-resampler': 'Not installed', 'kaleido': '0.2.1', 'schemdraw': '0.15', 'statsmodels': '0.14.0', 'sktime': '0.21.1', 'tbats': '1.1.3', 'pmdarima': '2.0.3', 'psutil': '5.9.5', 'markupsafe': '2.1.3', 'pickle5': 'Not installed', 'cloudpickle': '2.2.1', 'deprecation': '2.1.0', 'xxhash': '3.4.1', 'wurlitzer': '3.0.3'}, 'python': {'version': '3.10.12', 'machine': 'x86_64'}}
  warnings.warn(

2023-10-12 23:21:18,489:WARNING:C:\Users\p128c0e\OneDrive - Ceridian HCM Inc\Documents\GitHub\classification\class\lib\site-packages\sklearn\base.py:318: UserWarning: Trying to unpickle estimator LabelEncoder from version 1.0.2 when using version 1.2.2. This might lead to breaking code or invalid results. Use at your own risk. For more info please refer to:
https://scikit-learn.org/stable/model_persistence.html#security-maintainability-limitations
  warnings.warn(

2023-10-12 23:21:18,489:WARNING:C:\Users\p128c0e\OneDrive - Ceridian HCM Inc\Documents\GitHub\classification\class\lib\site-packages\sklearn\base.py:318: UserWarning: Trying to unpickle estimator DecisionTreeClassifier from version 1.0.2 when using version 1.2.2. This might lead to breaking code or invalid results. Use at your own risk. For more info please refer to:
https://scikit-learn.org/stable/model_persistence.html#security-maintainability-limitations
  warnings.warn(

2023-10-12 23:21:18,489:WARNING:C:\Users\p128c0e\OneDrive - Ceridian HCM Inc\Documents\GitHub\classification\class\lib\site-packages\sklearn\base.py:318: UserWarning: Trying to unpickle estimator RandomForestClassifier from version 1.0.2 when using version 1.2.2. This might lead to breaking code or invalid results. Use at your own risk. For more info please refer to:
https://scikit-learn.org/stable/model_persistence.html#security-maintainability-limitations
  warnings.warn(

2023-10-12 23:21:46,056:WARNING:C:\Users\p128c0e\OneDrive - Ceridian HCM Inc\Documents\GitHub\classification\class\lib\site-packages\pycaret\internal\pipeline.py:139: UserWarning: Version mismatch:
current: {'deps_info': {'pip': '23.2.1', 'setuptools': '68.2.0', 'pycaret': '3.1.0', 'IPython': '8.16.1', 'ipywidgets': '8.1.1', 'tqdm': '4.66.1', 'numpy': '1.23.5', 'pandas': '1.5.3', 'jinja2': '3.1.2', 'scipy': '1.10.1', 'joblib': '1.3.2', 'sklearn': '1.2.2', 'pyod': '1.1.0', 'imblearn': '0.11.0', 'category_encoders': '2.6.2', 'lightgbm': '4.1.0', 'numba': '0.58.0', 'requests': '2.31.0', 'matplotlib': '3.7.3', 'scikitplot': '0.3.7', 'yellowbrick': '1.5', 'plotly': '5.17.0', 'plotly-resampler': 'Not installed', 'kaleido': '0.2.1', 'schemdraw': '0.15', 'statsmodels': '0.14.0', 'sktime': '0.21.1', 'tbats': '1.1.3', 'pmdarima': '2.0.3', 'psutil': '5.9.5', 'markupsafe': '2.1.3', 'pickle5': 'Not installed', 'cloudpickle': '2.2.1', 'deprecation': '2.1.0', 'xxhash': '3.4.1', 'wurlitzer': 'Not installed'}, 'python': {'version': '3.10.8', 'machine': 'AMD64'}}
pickle: {'deps_info': {'pip': '23.1.2', 'setuptools': '67.7.2', 'pycaret': '3.1.0', 'IPython': '7.34.0', 'ipywidgets': '7.7.1', 'tqdm': '4.66.1', 'numpy': '1.23.5', 'pandas': '1.5.3', 'jinja2': '3.1.2', 'scipy': '1.10.1', 'joblib': '1.3.2', 'sklearn': '1.2.2', 'pyod': '1.1.0', 'imblearn': '0.10.1', 'category_encoders': '2.6.2', 'lightgbm': '4.0.0', 'numba': '0.56.4', 'requests': '2.31.0', 'matplotlib': '3.7.1', 'scikitplot': '0.3.7', 'yellowbrick': '1.5', 'plotly': '5.15.0', 'plotly-resampler': 'Not installed', 'kaleido': '0.2.1', 'schemdraw': '0.15', 'statsmodels': '0.14.0', 'sktime': '0.21.1', 'tbats': '1.1.3', 'pmdarima': '2.0.3', 'psutil': '5.9.5', 'markupsafe': '2.1.3', 'pickle5': 'Not installed', 'cloudpickle': '2.2.1', 'deprecation': '2.1.0', 'xxhash': '3.4.1', 'wurlitzer': '3.0.3'}, 'python': {'version': '3.10.12', 'machine': 'x86_64'}}
  warnings.warn(

2023-10-12 23:21:46,059:WARNING:C:\Users\p128c0e\OneDrive - Ceridian HCM Inc\Documents\GitHub\classification\class\lib\site-packages\sklearn\base.py:318: UserWarning: Trying to unpickle estimator LabelEncoder from version 1.0.2 when using version 1.2.2. This might lead to breaking code or invalid results. Use at your own risk. For more info please refer to:
https://scikit-learn.org/stable/model_persistence.html#security-maintainability-limitations
  warnings.warn(

2023-10-12 23:21:46,059:WARNING:C:\Users\p128c0e\OneDrive - Ceridian HCM Inc\Documents\GitHub\classification\class\lib\site-packages\sklearn\base.py:318: UserWarning: Trying to unpickle estimator DecisionTreeClassifier from version 1.0.2 when using version 1.2.2. This might lead to breaking code or invalid results. Use at your own risk. For more info please refer to:
https://scikit-learn.org/stable/model_persistence.html#security-maintainability-limitations
  warnings.warn(

2023-10-12 23:21:46,065:WARNING:C:\Users\p128c0e\OneDrive - Ceridian HCM Inc\Documents\GitHub\classification\class\lib\site-packages\sklearn\base.py:318: UserWarning: Trying to unpickle estimator RandomForestClassifier from version 1.0.2 when using version 1.2.2. This might lead to breaking code or invalid results. Use at your own risk. For more info please refer to:
https://scikit-learn.org/stable/model_persistence.html#security-maintainability-limitations
  warnings.warn(

2023-10-12 23:53:49,766:WARNING:C:\Users\p128c0e\OneDrive - Ceridian HCM Inc\Documents\GitHub\classification\class\lib\site-packages\pycaret\internal\pipeline.py:139: UserWarning: Version mismatch:
current: {'deps_info': {'pip': '23.2.1', 'setuptools': '68.2.0', 'pycaret': '3.1.0', 'IPython': '8.16.1', 'ipywidgets': '8.1.1', 'tqdm': '4.66.1', 'numpy': '1.23.5', 'pandas': '1.5.3', 'jinja2': '3.1.2', 'scipy': '1.10.1', 'joblib': '1.3.2', 'sklearn': '1.2.2', 'pyod': '1.1.0', 'imblearn': '0.11.0', 'category_encoders': '2.6.2', 'lightgbm': '4.1.0', 'numba': '0.58.0', 'requests': '2.31.0', 'matplotlib': '3.7.3', 'scikitplot': '0.3.7', 'yellowbrick': '1.5', 'plotly': '5.17.0', 'plotly-resampler': 'Not installed', 'kaleido': '0.2.1', 'schemdraw': '0.15', 'statsmodels': '0.14.0', 'sktime': '0.21.1', 'tbats': '1.1.3', 'pmdarima': '2.0.3', 'psutil': '5.9.5', 'markupsafe': '2.1.3', 'pickle5': 'Not installed', 'cloudpickle': '2.2.1', 'deprecation': '2.1.0', 'xxhash': '3.4.1', 'wurlitzer': 'Not installed'}, 'python': {'version': '3.10.8', 'machine': 'AMD64'}}
pickle: {'deps_info': {'pip': '23.1.2', 'setuptools': '67.7.2', 'pycaret': '3.1.0', 'IPython': '7.34.0', 'ipywidgets': '7.7.1', 'tqdm': '4.66.1', 'numpy': '1.23.5', 'pandas': '1.5.3', 'jinja2': '3.1.2', 'scipy': '1.10.1', 'joblib': '1.3.2', 'sklearn': '1.2.2', 'pyod': '1.1.0', 'imblearn': '0.10.1', 'category_encoders': '2.6.2', 'lightgbm': '4.0.0', 'numba': '0.56.4', 'requests': '2.31.0', 'matplotlib': '3.7.1', 'scikitplot': '0.3.7', 'yellowbrick': '1.5', 'plotly': '5.15.0', 'plotly-resampler': 'Not installed', 'kaleido': '0.2.1', 'schemdraw': '0.15', 'statsmodels': '0.14.0', 'sktime': '0.21.1', 'tbats': '1.1.3', 'pmdarima': '2.0.3', 'psutil': '5.9.5', 'markupsafe': '2.1.3', 'pickle5': 'Not installed', 'cloudpickle': '2.2.1', 'deprecation': '2.1.0', 'xxhash': '3.4.1', 'wurlitzer': '3.0.3'}, 'python': {'version': '3.10.12', 'machine': 'x86_64'}}
  warnings.warn(

2023-10-12 23:53:49,766:WARNING:C:\Users\p128c0e\OneDrive - Ceridian HCM Inc\Documents\GitHub\classification\class\lib\site-packages\sklearn\base.py:318: UserWarning: Trying to unpickle estimator LabelEncoder from version 1.0.2 when using version 1.2.2. This might lead to breaking code or invalid results. Use at your own risk. For more info please refer to:
https://scikit-learn.org/stable/model_persistence.html#security-maintainability-limitations
  warnings.warn(

2023-10-12 23:53:49,766:WARNING:C:\Users\p128c0e\OneDrive - Ceridian HCM Inc\Documents\GitHub\classification\class\lib\site-packages\sklearn\base.py:318: UserWarning: Trying to unpickle estimator DecisionTreeClassifier from version 1.0.2 when using version 1.2.2. This might lead to breaking code or invalid results. Use at your own risk. For more info please refer to:
https://scikit-learn.org/stable/model_persistence.html#security-maintainability-limitations
  warnings.warn(

2023-10-12 23:53:49,766:WARNING:C:\Users\p128c0e\OneDrive - Ceridian HCM Inc\Documents\GitHub\classification\class\lib\site-packages\sklearn\base.py:318: UserWarning: Trying to unpickle estimator RandomForestClassifier from version 1.0.2 when using version 1.2.2. This might lead to breaking code or invalid results. Use at your own risk. For more info please refer to:
https://scikit-learn.org/stable/model_persistence.html#security-maintainability-limitations
  warnings.warn(

2023-10-13 13:15:45,030:WARNING:C:\Users\p128c0e\OneDrive - Ceridian HCM Inc\Documents\GitHub\classification\class\lib\site-packages\pycaret\internal\pipeline.py:139: UserWarning: Version mismatch:
current: {'deps_info': {'pip': '23.2.1', 'setuptools': '68.2.0', 'pycaret': '3.1.0', 'IPython': '8.16.1', 'ipywidgets': '8.1.1', 'tqdm': '4.66.1', 'numpy': '1.23.5', 'pandas': '1.5.3', 'jinja2': '3.1.2', 'scipy': '1.10.1', 'joblib': '1.3.2', 'sklearn': '1.2.2', 'pyod': '1.1.0', 'imblearn': '0.11.0', 'category_encoders': '2.6.2', 'lightgbm': '4.1.0', 'numba': '0.58.0', 'requests': '2.31.0', 'matplotlib': '3.7.3', 'scikitplot': '0.3.7', 'yellowbrick': '1.5', 'plotly': '5.17.0', 'plotly-resampler': 'Not installed', 'kaleido': '0.2.1', 'schemdraw': '0.15', 'statsmodels': '0.14.0', 'sktime': '0.21.1', 'tbats': '1.1.3', 'pmdarima': '2.0.3', 'psutil': '5.9.5', 'markupsafe': '2.1.3', 'pickle5': 'Not installed', 'cloudpickle': '2.2.1', 'deprecation': '2.1.0', 'xxhash': '3.4.1', 'wurlitzer': 'Not installed'}, 'python': {'version': '3.10.8', 'machine': 'AMD64'}}
pickle: {'deps_info': {'pip': '23.1.2', 'setuptools': '67.7.2', 'pycaret': '3.1.0', 'IPython': '7.34.0', 'ipywidgets': '7.7.1', 'tqdm': '4.66.1', 'numpy': '1.23.5', 'pandas': '1.5.3', 'jinja2': '3.1.2', 'scipy': '1.10.1', 'joblib': '1.3.2', 'sklearn': '1.2.2', 'pyod': '1.1.0', 'imblearn': '0.10.1', 'category_encoders': '2.6.2', 'lightgbm': '4.0.0', 'numba': '0.56.4', 'requests': '2.31.0', 'matplotlib': '3.7.1', 'scikitplot': '0.3.7', 'yellowbrick': '1.5', 'plotly': '5.15.0', 'plotly-resampler': 'Not installed', 'kaleido': '0.2.1', 'schemdraw': '0.15', 'statsmodels': '0.14.0', 'sktime': '0.21.1', 'tbats': '1.1.3', 'pmdarima': '2.0.3', 'psutil': '5.9.5', 'markupsafe': '2.1.3', 'pickle5': 'Not installed', 'cloudpickle': '2.2.1', 'deprecation': '2.1.0', 'xxhash': '3.4.1', 'wurlitzer': '3.0.3'}, 'python': {'version': '3.10.12', 'machine': 'x86_64'}}
  warnings.warn(

2023-10-13 13:15:45,034:WARNING:C:\Users\p128c0e\OneDrive - Ceridian HCM Inc\Documents\GitHub\classification\class\lib\site-packages\sklearn\base.py:318: UserWarning: Trying to unpickle estimator LabelEncoder from version 1.0.2 when using version 1.2.2. This might lead to breaking code or invalid results. Use at your own risk. For more info please refer to:
https://scikit-learn.org/stable/model_persistence.html#security-maintainability-limitations
  warnings.warn(

2023-10-13 13:15:45,036:WARNING:C:\Users\p128c0e\OneDrive - Ceridian HCM Inc\Documents\GitHub\classification\class\lib\site-packages\sklearn\base.py:318: UserWarning: Trying to unpickle estimator DecisionTreeClassifier from version 1.0.2 when using version 1.2.2. This might lead to breaking code or invalid results. Use at your own risk. For more info please refer to:
https://scikit-learn.org/stable/model_persistence.html#security-maintainability-limitations
  warnings.warn(

2023-10-13 13:15:45,039:WARNING:C:\Users\p128c0e\OneDrive - Ceridian HCM Inc\Documents\GitHub\classification\class\lib\site-packages\sklearn\base.py:318: UserWarning: Trying to unpickle estimator RandomForestClassifier from version 1.0.2 when using version 1.2.2. This might lead to breaking code or invalid results. Use at your own risk. For more info please refer to:
https://scikit-learn.org/stable/model_persistence.html#security-maintainability-limitations
  warnings.warn(

2023-10-13 13:17:50,176:WARNING:C:\Users\p128c0e\OneDrive - Ceridian HCM Inc\Documents\GitHub\classification\class\lib\site-packages\pycaret\internal\pipeline.py:139: UserWarning: Version mismatch:
current: {'deps_info': {'pip': '23.2.1', 'setuptools': '68.2.0', 'pycaret': '3.1.0', 'IPython': '8.16.1', 'ipywidgets': '8.1.1', 'tqdm': '4.66.1', 'numpy': '1.23.5', 'pandas': '1.5.3', 'jinja2': '3.1.2', 'scipy': '1.10.1', 'joblib': '1.3.2', 'sklearn': '1.2.2', 'pyod': '1.1.0', 'imblearn': '0.11.0', 'category_encoders': '2.6.2', 'lightgbm': '4.1.0', 'numba': '0.58.0', 'requests': '2.31.0', 'matplotlib': '3.7.3', 'scikitplot': '0.3.7', 'yellowbrick': '1.5', 'plotly': '5.17.0', 'plotly-resampler': 'Not installed', 'kaleido': '0.2.1', 'schemdraw': '0.15', 'statsmodels': '0.14.0', 'sktime': '0.21.1', 'tbats': '1.1.3', 'pmdarima': '2.0.3', 'psutil': '5.9.5', 'markupsafe': '2.1.3', 'pickle5': 'Not installed', 'cloudpickle': '2.2.1', 'deprecation': '2.1.0', 'xxhash': '3.4.1', 'wurlitzer': 'Not installed'}, 'python': {'version': '3.10.8', 'machine': 'AMD64'}}
pickle: {'deps_info': {'pip': '23.1.2', 'setuptools': '67.7.2', 'pycaret': '3.1.0', 'IPython': '7.34.0', 'ipywidgets': '7.7.1', 'tqdm': '4.66.1', 'numpy': '1.23.5', 'pandas': '1.5.3', 'jinja2': '3.1.2', 'scipy': '1.10.1', 'joblib': '1.3.2', 'sklearn': '1.2.2', 'pyod': '1.1.0', 'imblearn': '0.10.1', 'category_encoders': '2.6.2', 'lightgbm': '4.0.0', 'numba': '0.56.4', 'requests': '2.31.0', 'matplotlib': '3.7.1', 'scikitplot': '0.3.7', 'yellowbrick': '1.5', 'plotly': '5.15.0', 'plotly-resampler': 'Not installed', 'kaleido': '0.2.1', 'schemdraw': '0.15', 'statsmodels': '0.14.0', 'sktime': '0.21.1', 'tbats': '1.1.3', 'pmdarima': '2.0.3', 'psutil': '5.9.5', 'markupsafe': '2.1.3', 'pickle5': 'Not installed', 'cloudpickle': '2.2.1', 'deprecation': '2.1.0', 'xxhash': '3.4.1', 'wurlitzer': '3.0.3'}, 'python': {'version': '3.10.12', 'machine': 'x86_64'}}
  warnings.warn(

2023-10-13 13:17:50,180:WARNING:C:\Users\p128c0e\OneDrive - Ceridian HCM Inc\Documents\GitHub\classification\class\lib\site-packages\sklearn\base.py:318: UserWarning: Trying to unpickle estimator LabelEncoder from version 1.0.2 when using version 1.2.2. This might lead to breaking code or invalid results. Use at your own risk. For more info please refer to:
https://scikit-learn.org/stable/model_persistence.html#security-maintainability-limitations
  warnings.warn(

2023-10-13 13:17:50,181:WARNING:C:\Users\p128c0e\OneDrive - Ceridian HCM Inc\Documents\GitHub\classification\class\lib\site-packages\sklearn\base.py:318: UserWarning: Trying to unpickle estimator DecisionTreeClassifier from version 1.0.2 when using version 1.2.2. This might lead to breaking code or invalid results. Use at your own risk. For more info please refer to:
https://scikit-learn.org/stable/model_persistence.html#security-maintainability-limitations
  warnings.warn(

2023-10-13 13:17:50,190:WARNING:C:\Users\p128c0e\OneDrive - Ceridian HCM Inc\Documents\GitHub\classification\class\lib\site-packages\sklearn\base.py:318: UserWarning: Trying to unpickle estimator RandomForestClassifier from version 1.0.2 when using version 1.2.2. This might lead to breaking code or invalid results. Use at your own risk. For more info please refer to:
https://scikit-learn.org/stable/model_persistence.html#security-maintainability-limitations
  warnings.warn(

